# JRE version: Java(TM) SE Runtime Environment (8.0_101-b13) (build 1.8.0_101-b13)
# Java VM: Java HotSpot(TM) 64-Bit Server VM (25.101-b13 mixed mode linux-amd64 compressed oops)
Heap:
 PSYoungGen      total 293376K, used 22058K [0x00000000e0000000, 0x00000000f4280000, 0x0000000100000000)
  eden space 268288K, 0% used [0x00000000e0000000,0x00000000e0000000,0x00000000f0600000)
  from space 25088K, 87% used [0x00000000f0600000,0x00000000f1b8aa30,0x00000000f1e80000)
  to   space 24576K, 0% used [0x00000000f1e80000,0x00000000f1e80000,0x00000000f3680000)
 ParOldGen       total 154624K, used 36273K [0x00000000a0000000, 0x00000000a9700000, 0x00000000e0000000)
  object space 154624K, 23% used [0x00000000a0000000,0x00000000a236c5e0,0x00000000a9700000)
 Metaspace       used 72772K, capacity 75370K, committed 75688K, reserved 1114112K
  class space    used 9877K, capacity 10396K, committed 10416K, reserved 1048576K
GC Heap History (10 events):
Event: 21,192 GC heap after
Heap after GC invocations=11 (full 2):
 PSYoungGen      total 196096K, used 17901K [0x00000000e0000000, 0x00000000f0480000, 0x0000000100000000)
  eden space 178176K, 0% used [0x00000000e0000000,0x00000000e0000000,0x00000000eae00000)
  from space 17920K, 99% used [0x00000000eae00000,0x00000000ebf7b510,0x00000000ebf80000)
  to   space 22528K, 0% used [0x00000000eee80000,0x00000000eee80000,0x00000000f0480000)
 ParOldGen       total 102400K, used 25174K [0x00000000a0000000, 0x00000000a6400000, 0x00000000e0000000)
  object space 102400K, 24% used [0x00000000a0000000,0x00000000a18958d0,0x00000000a6400000)
 Metaspace       used 57246K, capacity 59018K, committed 59160K, reserved 1099776K
  class space    used 7845K, capacity 8280K, committed 8368K, reserved 1048576K
}
Event: 21,192 GC heap before
{Heap before GC invocations=12 (full 3):
 PSYoungGen      total 196096K, used 17901K [0x00000000e0000000, 0x00000000f0480000, 0x0000000100000000)
  eden space 178176K, 0% used [0x00000000e0000000,0x00000000e0000000,0x00000000eae00000)
  from space 17920K, 99% used [0x00000000eae00000,0x00000000ebf7b510,0x00000000ebf80000)
  to   space 22528K, 0% used [0x00000000eee80000,0x00000000eee80000,0x00000000f0480000)
 ParOldGen       total 102400K, used 25174K [0x00000000a0000000, 0x00000000a6400000, 0x00000000e0000000)
  object space 102400K, 24% used [0x00000000a0000000,0x00000000a18958d0,0x00000000a6400000)
 Metaspace       used 57246K, capacity 59018K, committed 59160K, reserved 1099776K
  class space    used 7845K, capacity 8280K, committed 8368K, reserved 1048576K
Event: 21,743 GC heap after
Heap after GC invocations=12 (full 3):
 PSYoungGen      total 196096K, used 0K [0x00000000e0000000, 0x00000000f0480000, 0x0000000100000000)
  eden space 178176K, 0% used [0x00000000e0000000,0x00000000e0000000,0x00000000eae00000)
  from space 17920K, 0% used [0x00000000eae00000,0x00000000eae00000,0x00000000ebf80000)
  to   space 22528K, 0% used [0x00000000eee80000,0x00000000eee80000,0x00000000f0480000)
 ParOldGen       total 154624K, used 36233K [0x00000000a0000000, 0x00000000a9700000, 0x00000000e0000000)
  object space 154624K, 23% used [0x00000000a0000000,0x00000000a23625e0,0x00000000a9700000)
 Metaspace       used 57246K, capacity 59018K, committed 59160K, reserved 1099776K
  class space    used 7845K, capacity 8280K, committed 8368K, reserved 1048576K
}
Event: 44,169 GC heap before
{Heap before GC invocations=13 (full 3):
 PSYoungGen      total 196096K, used 178176K [0x00000000e0000000, 0x00000000f0480000, 0x0000000100000000)
  eden space 178176K, 100% used [0x00000000e0000000,0x00000000eae00000,0x00000000eae00000)
  from space 17920K, 0% used [0x00000000eae00000,0x00000000eae00000,0x00000000ebf80000)
  to   space 22528K, 0% used [0x00000000eee80000,0x00000000eee80000,0x00000000f0480000)
 ParOldGen       total 154624K, used 36233K [0x00000000a0000000, 0x00000000a9700000, 0x00000000e0000000)
  object space 154624K, 23% used [0x00000000a0000000,0x00000000a23625e0,0x00000000a9700000)
 Metaspace       used 67996K, capacity 70098K, committed 70312K, reserved 1110016K
  class space    used 9313K, capacity 9802K, committed 9904K, reserved 1048576K
Event: 44,201 GC heap after
Heap after GC invocations=13 (full 3):
 PSYoungGen      total 229376K, used 20385K [0x00000000e0000000, 0x00000000f0280000, 0x0000000100000000)
  eden space 208896K, 0% used [0x00000000e0000000,0x00000000e0000000,0x00000000ecc00000)
  from space 20480K, 99% used [0x00000000eee80000,0x00000000f02686f0,0x00000000f0280000)
  to   space 24576K, 0% used [0x00000000ed280000,0x00000000ed280000,0x00000000eea80000)
 ParOldGen       total 154624K, used 36249K [0x00000000a0000000, 0x00000000a9700000, 0x00000000e0000000)
  object space 154624K, 23% used [0x00000000a0000000,0x00000000a23665e0,0x00000000a9700000)
 Metaspace       used 67996K, capacity 70098K, committed 70312K, reserved 1110016K
  class space    used 9313K, capacity 9802K, committed 9904K, reserved 1048576K
}
Event: 44,559 GC heap before
{Heap before GC invocations=14 (full 3):
 PSYoungGen      total 229376K, used 229134K [0x00000000e0000000, 0x00000000f0280000, 0x0000000100000000)
  eden space 208896K, 99% used [0x00000000e0000000,0x00000000ecbdb170,0x00000000ecc00000)
  from space 20480K, 99% used [0x00000000eee80000,0x00000000f02686f0,0x00000000f0280000)
  to   space 24576K, 0% used [0x00000000ed280000,0x00000000ed280000,0x00000000eea80000)
 ParOldGen       total 154624K, used 36249K [0x00000000a0000000, 0x00000000a9700000, 0x00000000e0000000)
  object space 154624K, 23% used [0x00000000a0000000,0x00000000a23665e0,0x00000000a9700000)
 Metaspace       used 68507K, capacity 70648K, committed 70824K, reserved 1110016K
  class space    used 9393K, capacity 9879K, committed 9904K, reserved 1048576K
Event: 44,591 GC heap after
Heap after GC invocations=14 (full 3):
 PSYoungGen      total 240128K, used 15357K [0x00000000e0000000, 0x00000000f3680000, 0x0000000100000000)
  eden space 215552K, 0% used [0x00000000e0000000,0x00000000e0000000,0x00000000ed280000)
  from space 24576K, 62% used [0x00000000ed280000,0x00000000ee17f7d0,0x00000000eea80000)
  to   space 24576K, 0% used [0x00000000f1e80000,0x00000000f1e80000,0x00000000f3680000)
 ParOldGen       total 154624K, used 36257K [0x00000000a0000000, 0x00000000a9700000, 0x00000000e0000000)
  object space 154624K, 23% used [0x00000000a0000000,0x00000000a23685e0,0x00000000a9700000)
 Metaspace       used 68507K, capacity 70648K, committed 70824K, reserved 1110016K
  class space    used 9393K, capacity 9879K, committed 9904K, reserved 1048576K
}
Event: 45,353 GC heap before
{Heap before GC invocations=15 (full 3):
 PSYoungGen      total 240128K, used 230909K [0x00000000e0000000, 0x00000000f3680000, 0x0000000100000000)
  eden space 215552K, 100% used [0x00000000e0000000,0x00000000ed280000,0x00000000ed280000)
  from space 24576K, 62% used [0x00000000ed280000,0x00000000ee17f7d0,0x00000000eea80000)
  to   space 24576K, 0% used [0x00000000f1e80000,0x00000000f1e80000,0x00000000f3680000)
 ParOldGen       total 154624K, used 36257K [0x00000000a0000000, 0x00000000a9700000, 0x00000000e0000000)
  object space 154624K, 23% used [0x00000000a0000000,0x00000000a23685e0,0x00000000a9700000)
 Metaspace       used 69101K, capacity 71450K, committed 71720K, reserved 1112064K
  class space    used 9483K, capacity 9992K, committed 10032K, reserved 1048576K
Event: 45,384 GC heap after
Heap after GC invocations=15 (full 3):
 PSYoungGen      total 292864K, used 16752K [0x00000000e0000000, 0x00000000f4280000, 0x0000000100000000)
  eden space 268288K, 0% used [0x00000000e0000000,0x00000000e0000000,0x00000000f0600000)
  from space 24576K, 68% used [0x00000000f1e80000,0x00000000f2edc2a8,0x00000000f3680000)
  to   space 25088K, 0% used [0x00000000f0600000,0x00000000f0600000,0x00000000f1e80000)
 ParOldGen       total 154624K, used 36265K [0x00000000a0000000, 0x00000000a9700000, 0x00000000e0000000)
  object space 154624K, 23% used [0x00000000a0000000,0x00000000a236a5e0,0x00000000a9700000)
 Metaspace       used 69101K, capacity 71450K, committed 71720K, reserved 1112064K
  class space    used 9483K, capacity 9992K, committed 10032K, reserved 1048576K
}
Event: 48,589 GC heap before
{Heap before GC invocations=16 (full 3):
 PSYoungGen      total 292864K, used 285040K [0x00000000e0000000, 0x00000000f4280000, 0x0000000100000000)
  eden space 268288K, 100% used [0x00000000e0000000,0x00000000f0600000,0x00000000f0600000)
  from space 24576K, 68% used [0x00000000f1e80000,0x00000000f2edc2a8,0x00000000f3680000)
  to   space 25088K, 0% used [0x00000000f0600000,0x00000000f0600000,0x00000000f1e80000)
 ParOldGen       total 154624K, used 36265K [0x00000000a0000000, 0x00000000a9700000, 0x00000000e0000000)
  object space 154624K, 23% used [0x00000000a0000000,0x00000000a236a5e0,0x00000000a9700000)
 Metaspace       used 72772K, capacity 75370K, committed 75688K, reserved 1114112K
  class space    used 9877K, capacity 10396K, committed 10416K, reserved 1048576K

